-- The CXX compiler identification is GNU 15.1.1
-- Detecting CXX compiler ABI info
-- Detecting CXX compiler ABI info - done
-- Check for working CXX compiler: /usr/bin/c++ - skipped
-- Detecting CXX compile features
-- Detecting CXX compile features - done
-- Found ros2_control_cmake: 0.1.1 (/usr/lib64/ros-jazzy/share/ros2_control_cmake/cmake)
-- Compiler warnings enabled for GNU
-- Detected GCC Version: 15.1.1 (Major: 15, Minor: 1)
-- Found controller_manager: 4.28.1 (/usr/lib64/ros-jazzy/share/controller_manager/cmake)
-- Found Python3: /usr/bin/python3 (found version "3.13.3") found components: Interpreter
-- Found rosidl_generator_c: 4.6.5 (/usr/lib64/ros-jazzy/share/rosidl_generator_c/cmake)
-- Found rosidl_generator_cpp: 4.6.5 (/usr/lib64/ros-jazzy/share/rosidl_generator_cpp/cmake)
-- Using all available rosidl_typesupport_c: rosidl_typesupport_fastrtps_c;rosidl_typesupport_introspection_c
-- Using all available rosidl_typesupport_cpp: rosidl_typesupport_fastrtps_cpp;rosidl_typesupport_introspection_cpp
-- Found rmw_implementation_cmake: 7.3.2 (/usr/lib64/ros-jazzy/share/rmw_implementation_cmake/cmake)
-- Found rmw_fastrtps_cpp: 8.4.2 (/usr/lib64/ros-jazzy/share/rmw_fastrtps_cpp/cmake)
-- Found OpenSSL: /usr/lib64/libcrypto.so (found version "3.2.4")
-- Found FastRTPS: /usr/lib64/ros-jazzy/include (Required is at least version "2.13")
-- Using RMW implementation 'rmw_fastrtps_cpp' as default
-- Found ament_cmake_pytest: 2.5.4 (/usr/lib64/ros-jazzy/share/ament_cmake_pytest/cmake)
-- Configuring done (3.6s)
-- Generating done (0.0s)
-- Build files have been written to: /home/stefan/git/robot/ros2_control_demos/example_2/build/ros2_control_demo_example_2
[ 50%] [32mBuilding CXX object CMakeFiles/ros2_control_demo_example_2.dir/hardware/diffbot_system.cpp.o[0m
[100%] [32m[1mLinking CXX shared library libros2_control_demo_example_2.so[0m
[100%] Built target ros2_control_demo_example_2
-- Install configuration: ""
-- Installing: /home/stefan/git/robot/ros2_control_demos/example_2/install/ros2_control_demo_example_2/share/ros2_control_demo_example_2/ros2_control_demo_example_2.xml
-- Installing: /home/stefan/git/robot/ros2_control_demos/example_2/install/ros2_control_demo_example_2/include/ros2_control_demo_example_2
-- Installing: /home/stefan/git/robot/ros2_control_demos/example_2/install/ros2_control_demo_example_2/include/ros2_control_demo_example_2/ros2_control_demo_example_2
-- Installing: /home/stefan/git/robot/ros2_control_demos/example_2/install/ros2_control_demo_example_2/include/ros2_control_demo_example_2/ros2_control_demo_example_2/diffbot_system.hpp
-- Installing: /home/stefan/git/robot/ros2_control_demos/example_2/install/ros2_control_demo_example_2/share/ros2_control_demo_example_2/launch
-- Installing: /home/stefan/git/robot/ros2_control_demos/example_2/install/ros2_control_demo_example_2/share/ros2_control_demo_example_2/launch/view_robot.launch.py
-- Installing: /home/stefan/git/robot/ros2_control_demos/example_2/install/ros2_control_demo_example_2/share/ros2_control_demo_example_2/ros2_control
-- Installing: /home/stefan/git/robot/ros2_control_demos/example_2/install/ros2_control_demo_example_2/share/ros2_control_demo_example_2/ros2_control/diffbot.ros2_control.xacro
-- Installing: /home/stefan/git/robot/ros2_control_demos/example_2/install/ros2_control_demo_example_2/share/ros2_control_demo_example_2/urdf
-- Installing: /home/stefan/git/robot/ros2_control_demos/example_2/install/ros2_control_demo_example_2/share/ros2_control_demo_example_2/urdf/diffbot.urdf.xacro
-- Up-to-date: /home/stefan/git/robot/ros2_control_demos/example_2/install/ros2_control_demo_example_2/share/ros2_control_demo_example_2/launch
-- Installing: /home/stefan/git/robot/ros2_control_demos/example_2/install/ros2_control_demo_example_2/share/ros2_control_demo_example_2/launch/diffbot.launch.py
-- Installing: /home/stefan/git/robot/ros2_control_demos/example_2/install/ros2_control_demo_example_2/share/ros2_control_demo_example_2/config
-- Installing: /home/stefan/git/robot/ros2_control_demos/example_2/install/ros2_control_demo_example_2/share/ros2_control_demo_example_2/config/diffbot_controllers.yaml
-- Installing: /home/stefan/git/robot/ros2_control_demos/example_2/install/ros2_control_demo_example_2/lib/libros2_control_demo_example_2.so
-- Set non-toolchain portion of runtime path of "/home/stefan/git/robot/ros2_control_demos/example_2/install/ros2_control_demo_example_2/lib/libros2_control_demo_example_2.so" to ""
-- Installing: /home/stefan/git/robot/ros2_control_demos/example_2/install/ros2_control_demo_example_2/share/ros2_control_demo_example_2/environment/library_path.sh
-- Installing: /home/stefan/git/robot/ros2_control_demos/example_2/install/ros2_control_demo_example_2/share/ros2_control_demo_example_2/environment/library_path.dsv
-- Installing: /home/stefan/git/robot/ros2_control_demos/example_2/install/ros2_control_demo_example_2/share/ament_index/resource_index/package_run_dependencies/ros2_control_demo_example_2
-- Installing: /home/stefan/git/robot/ros2_control_demos/example_2/install/ros2_control_demo_example_2/share/ament_index/resource_index/parent_prefix_path/ros2_control_demo_example_2
-- Installing: /home/stefan/git/robot/ros2_control_demos/example_2/install/ros2_control_demo_example_2/share/ros2_control_demo_example_2/environment/ament_prefix_path.sh
-- Installing: /home/stefan/git/robot/ros2_control_demos/example_2/install/ros2_control_demo_example_2/share/ros2_control_demo_example_2/environment/ament_prefix_path.dsv
-- Installing: /home/stefan/git/robot/ros2_control_demos/example_2/install/ros2_control_demo_example_2/share/ros2_control_demo_example_2/environment/path.sh
-- Installing: /home/stefan/git/robot/ros2_control_demos/example_2/install/ros2_control_demo_example_2/share/ros2_control_demo_example_2/environment/path.dsv
-- Installing: /home/stefan/git/robot/ros2_control_demos/example_2/install/ros2_control_demo_example_2/share/ros2_control_demo_example_2/local_setup.bash
-- Installing: /home/stefan/git/robot/ros2_control_demos/example_2/install/ros2_control_demo_example_2/share/ros2_control_demo_example_2/local_setup.sh
-- Installing: /home/stefan/git/robot/ros2_control_demos/example_2/install/ros2_control_demo_example_2/share/ros2_control_demo_example_2/local_setup.zsh
-- Installing: /home/stefan/git/robot/ros2_control_demos/example_2/install/ros2_control_demo_example_2/share/ros2_control_demo_example_2/local_setup.dsv
-- Installing: /home/stefan/git/robot/ros2_control_demos/example_2/install/ros2_control_demo_example_2/share/ros2_control_demo_example_2/package.dsv
-- Installing: /home/stefan/git/robot/ros2_control_demos/example_2/install/ros2_control_demo_example_2/share/ament_index/resource_index/packages/ros2_control_demo_example_2
-- Installing: /home/stefan/git/robot/ros2_control_demos/example_2/install/ros2_control_demo_example_2/share/ament_index/resource_index/hardware_interface__pluginlib__plugin/ros2_control_demo_example_2
-- Installing: /home/stefan/git/robot/ros2_control_demos/example_2/install/ros2_control_demo_example_2/share/ros2_control_demo_example_2/cmake/export_ros2_control_demo_example_2Export.cmake
-- Installing: /home/stefan/git/robot/ros2_control_demos/example_2/install/ros2_control_demo_example_2/share/ros2_control_demo_example_2/cmake/export_ros2_control_demo_example_2Export-noconfig.cmake
-- Installing: /home/stefan/git/robot/ros2_control_demos/example_2/install/ros2_control_demo_example_2/share/ros2_control_demo_example_2/cmake/ament_cmake_export_targets-extras.cmake
-- Installing: /home/stefan/git/robot/ros2_control_demos/example_2/install/ros2_control_demo_example_2/share/ros2_control_demo_example_2/cmake/ament_cmake_export_dependencies-extras.cmake
-- Installing: /home/stefan/git/robot/ros2_control_demos/example_2/install/ros2_control_demo_example_2/share/ros2_control_demo_example_2/cmake/ros2_control_demo_example_2Config.cmake
-- Installing: /home/stefan/git/robot/ros2_control_demos/example_2/install/ros2_control_demo_example_2/share/ros2_control_demo_example_2/cmake/ros2_control_demo_example_2Config-version.cmake
-- Installing: /home/stefan/git/robot/ros2_control_demos/example_2/install/ros2_control_demo_example_2/share/ros2_control_demo_example_2/package.xml
