[0.023s] Invoking command in '/home/stefan/git/robot/ros2_control_demos/example_2/build/ros2_control_demo_example_2': DEBUGINFOD_URLS=https://debuginfod.fedoraproject.org/ _=/usr/bin/env /usr/bin/cmake /home/stefan/git/robot/ros2_control_demos/example_2 -DCMAKE_INSTALL_PREFIX=/home/stefan/git/robot/ros2_control_demos/example_2/install/ros2_control_demo_example_2
[0.122s] -- The CXX compiler identification is GNU 15.1.1
[0.130s] -- Detecting CXX compiler ABI info
[0.258s] -- Detecting CXX compiler ABI info - done
[0.273s] -- Check for working CXX compiler: /usr/bin/c++ - skipped
[0.274s] -- Detecting CXX compile features
[0.274s] -- Detecting CXX compile features - done
[0.287s] -- Found ros2_control_cmake: 0.1.1 (/usr/lib64/ros-jazzy/share/ros2_control_cmake/cmake)
[0.287s] -- Compiler warnings enabled for GNU
[0.287s] -- Detected GCC Version: 15.1.1 (Major: 15, Minor: 1)
[0.289s] -- Found controller_manager: 4.28.1 (/usr/lib64/ros-jazzy/share/controller_manager/cmake)
[0.515s] -- Found Python3: /usr/bin/python3 (found version "3.13.3") found components: Interpreter
[0.690s] -- Found rosidl_generator_c: 4.6.5 (/usr/lib64/ros-jazzy/share/rosidl_generator_c/cmake)
[0.706s] -- Found rosidl_generator_cpp: 4.6.5 (/usr/lib64/ros-jazzy/share/rosidl_generator_cpp/cmake)
[0.726s] -- Using all available rosidl_typesupport_c: rosidl_typesupport_fastrtps_c;rosidl_typesupport_introspection_c
[0.747s] -- Using all available rosidl_typesupport_cpp: rosidl_typesupport_fastrtps_cpp;rosidl_typesupport_introspection_cpp
[0.837s] -- Found rmw_implementation_cmake: 7.3.2 (/usr/lib64/ros-jazzy/share/rmw_implementation_cmake/cmake)
[0.841s] -- Found rmw_fastrtps_cpp: 8.4.2 (/usr/lib64/ros-jazzy/share/rmw_fastrtps_cpp/cmake)
[1.115s] -- Found OpenSSL: /usr/lib64/libcrypto.so (found version "3.2.4")
[1.144s] -- Found FastRTPS: /usr/lib64/ros-jazzy/include (Required is at least version "2.13")
[1.185s] -- Using RMW implementation 'rmw_fastrtps_cpp' as default
[1.831s] -- Found ament_cmake_pytest: 2.5.4 (/usr/lib64/ros-jazzy/share/ament_cmake_pytest/cmake)
[3.664s] -- Configuring done (3.6s)
[3.691s] -- Generating done (0.0s)
[3.694s] -- Build files have been written to: /home/stefan/git/robot/ros2_control_demos/example_2/build/ros2_control_demo_example_2
[3.705s] Invoked command in '/home/stefan/git/robot/ros2_control_demos/example_2/build/ros2_control_demo_example_2' returned '0': DEBUGINFOD_URLS=https://debuginfod.fedoraproject.org/ _=/usr/bin/env /usr/bin/cmake /home/stefan/git/robot/ros2_control_demos/example_2 -DCMAKE_INSTALL_PREFIX=/home/stefan/git/robot/ros2_control_demos/example_2/install/ros2_control_demo_example_2
[3.706s] Invoking command in '/home/stefan/git/robot/ros2_control_demos/example_2/build/ros2_control_demo_example_2': DEBUGINFOD_URLS=https://debuginfod.fedoraproject.org/ _=/usr/bin/env /usr/bin/cmake --build /home/stefan/git/robot/ros2_control_demos/example_2/build/ros2_control_demo_example_2 -- -j4 -l4
[3.754s] [ 50%] [32mBuilding CXX object CMakeFiles/ros2_control_demo_example_2.dir/hardware/diffbot_system.cpp.o[0m
[8.550s] [100%] [32m[1mLinking CXX shared library libros2_control_demo_example_2.so[0m
[8.748s] [100%] Built target ros2_control_demo_example_2
[8.757s] Invoked command in '/home/stefan/git/robot/ros2_control_demos/example_2/build/ros2_control_demo_example_2' returned '0': DEBUGINFOD_URLS=https://debuginfod.fedoraproject.org/ _=/usr/bin/env /usr/bin/cmake --build /home/stefan/git/robot/ros2_control_demos/example_2/build/ros2_control_demo_example_2 -- -j4 -l4
[8.765s] Invoking command in '/home/stefan/git/robot/ros2_control_demos/example_2/build/ros2_control_demo_example_2': DEBUGINFOD_URLS=https://debuginfod.fedoraproject.org/ _=/usr/bin/env /usr/bin/cmake --install /home/stefan/git/robot/ros2_control_demos/example_2/build/ros2_control_demo_example_2
[8.772s] -- Install configuration: ""
[8.772s] -- Installing: /home/stefan/git/robot/ros2_control_demos/example_2/install/ros2_control_demo_example_2/share/ros2_control_demo_example_2/ros2_control_demo_example_2.xml
[8.772s] -- Installing: /home/stefan/git/robot/ros2_control_demos/example_2/install/ros2_control_demo_example_2/include/ros2_control_demo_example_2
[8.772s] -- Installing: /home/stefan/git/robot/ros2_control_demos/example_2/install/ros2_control_demo_example_2/include/ros2_control_demo_example_2/ros2_control_demo_example_2
[8.772s] -- Installing: /home/stefan/git/robot/ros2_control_demos/example_2/install/ros2_control_demo_example_2/include/ros2_control_demo_example_2/ros2_control_demo_example_2/diffbot_system.hpp
[8.772s] -- Installing: /home/stefan/git/robot/ros2_control_demos/example_2/install/ros2_control_demo_example_2/share/ros2_control_demo_example_2/launch
[8.773s] -- Installing: /home/stefan/git/robot/ros2_control_demos/example_2/install/ros2_control_demo_example_2/share/ros2_control_demo_example_2/launch/view_robot.launch.py
[8.773s] -- Installing: /home/stefan/git/robot/ros2_control_demos/example_2/install/ros2_control_demo_example_2/share/ros2_control_demo_example_2/ros2_control
[8.773s] -- Installing: /home/stefan/git/robot/ros2_control_demos/example_2/install/ros2_control_demo_example_2/share/ros2_control_demo_example_2/ros2_control/diffbot.ros2_control.xacro
[8.773s] -- Installing: /home/stefan/git/robot/ros2_control_demos/example_2/install/ros2_control_demo_example_2/share/ros2_control_demo_example_2/urdf
[8.773s] -- Installing: /home/stefan/git/robot/ros2_control_demos/example_2/install/ros2_control_demo_example_2/share/ros2_control_demo_example_2/urdf/diffbot.urdf.xacro
[8.774s] -- Up-to-date: /home/stefan/git/robot/ros2_control_demos/example_2/install/ros2_control_demo_example_2/share/ros2_control_demo_example_2/launch
[8.774s] -- Installing: /home/stefan/git/robot/ros2_control_demos/example_2/install/ros2_control_demo_example_2/share/ros2_control_demo_example_2/launch/diffbot.launch.py
[8.774s] -- Installing: /home/stefan/git/robot/ros2_control_demos/example_2/install/ros2_control_demo_example_2/share/ros2_control_demo_example_2/config
[8.774s] -- Installing: /home/stefan/git/robot/ros2_control_demos/example_2/install/ros2_control_demo_example_2/share/ros2_control_demo_example_2/config/diffbot_controllers.yaml
[8.774s] -- Installing: /home/stefan/git/robot/ros2_control_demos/example_2/install/ros2_control_demo_example_2/lib/libros2_control_demo_example_2.so
[8.780s] -- Set non-toolchain portion of runtime path of "/home/stefan/git/robot/ros2_control_demos/example_2/install/ros2_control_demo_example_2/lib/libros2_control_demo_example_2.so" to ""
[8.780s] -- Installing: /home/stefan/git/robot/ros2_control_demos/example_2/install/ros2_control_demo_example_2/share/ros2_control_demo_example_2/environment/library_path.sh
[8.780s] -- Installing: /home/stefan/git/robot/ros2_control_demos/example_2/install/ros2_control_demo_example_2/share/ros2_control_demo_example_2/environment/library_path.dsv
[8.781s] -- Installing: /home/stefan/git/robot/ros2_control_demos/example_2/install/ros2_control_demo_example_2/share/ament_index/resource_index/package_run_dependencies/ros2_control_demo_example_2
[8.781s] -- Installing: /home/stefan/git/robot/ros2_control_demos/example_2/install/ros2_control_demo_example_2/share/ament_index/resource_index/parent_prefix_path/ros2_control_demo_example_2
[8.781s] -- Installing: /home/stefan/git/robot/ros2_control_demos/example_2/install/ros2_control_demo_example_2/share/ros2_control_demo_example_2/environment/ament_prefix_path.sh
[8.781s] -- Installing: /home/stefan/git/robot/ros2_control_demos/example_2/install/ros2_control_demo_example_2/share/ros2_control_demo_example_2/environment/ament_prefix_path.dsv
[8.781s] -- Installing: /home/stefan/git/robot/ros2_control_demos/example_2/install/ros2_control_demo_example_2/share/ros2_control_demo_example_2/environment/path.sh
[8.781s] -- Installing: /home/stefan/git/robot/ros2_control_demos/example_2/install/ros2_control_demo_example_2/share/ros2_control_demo_example_2/environment/path.dsv
[8.782s] -- Installing: /home/stefan/git/robot/ros2_control_demos/example_2/install/ros2_control_demo_example_2/share/ros2_control_demo_example_2/local_setup.bash
[8.782s] -- Installing: /home/stefan/git/robot/ros2_control_demos/example_2/install/ros2_control_demo_example_2/share/ros2_control_demo_example_2/local_setup.sh
[8.782s] -- Installing: /home/stefan/git/robot/ros2_control_demos/example_2/install/ros2_control_demo_example_2/share/ros2_control_demo_example_2/local_setup.zsh
[8.782s] -- Installing: /home/stefan/git/robot/ros2_control_demos/example_2/install/ros2_control_demo_example_2/share/ros2_control_demo_example_2/local_setup.dsv
[8.782s] -- Installing: /home/stefan/git/robot/ros2_control_demos/example_2/install/ros2_control_demo_example_2/share/ros2_control_demo_example_2/package.dsv
[8.783s] -- Installing: /home/stefan/git/robot/ros2_control_demos/example_2/install/ros2_control_demo_example_2/share/ament_index/resource_index/packages/ros2_control_demo_example_2
[8.783s] -- Installing: /home/stefan/git/robot/ros2_control_demos/example_2/install/ros2_control_demo_example_2/share/ament_index/resource_index/hardware_interface__pluginlib__plugin/ros2_control_demo_example_2
[8.783s] -- Installing: /home/stefan/git/robot/ros2_control_demos/example_2/install/ros2_control_demo_example_2/share/ros2_control_demo_example_2/cmake/export_ros2_control_demo_example_2Export.cmake
[8.783s] -- Installing: /home/stefan/git/robot/ros2_control_demos/example_2/install/ros2_control_demo_example_2/share/ros2_control_demo_example_2/cmake/export_ros2_control_demo_example_2Export-noconfig.cmake
[8.784s] -- Installing: /home/stefan/git/robot/ros2_control_demos/example_2/install/ros2_control_demo_example_2/share/ros2_control_demo_example_2/cmake/ament_cmake_export_targets-extras.cmake
[8.784s] -- Installing: /home/stefan/git/robot/ros2_control_demos/example_2/install/ros2_control_demo_example_2/share/ros2_control_demo_example_2/cmake/ament_cmake_export_dependencies-extras.cmake
[8.784s] -- Installing: /home/stefan/git/robot/ros2_control_demos/example_2/install/ros2_control_demo_example_2/share/ros2_control_demo_example_2/cmake/ros2_control_demo_example_2Config.cmake
[8.784s] -- Installing: /home/stefan/git/robot/ros2_control_demos/example_2/install/ros2_control_demo_example_2/share/ros2_control_demo_example_2/cmake/ros2_control_demo_example_2Config-version.cmake
[8.784s] -- Installing: /home/stefan/git/robot/ros2_control_demos/example_2/install/ros2_control_demo_example_2/share/ros2_control_demo_example_2/package.xml
[8.786s] Invoked command in '/home/stefan/git/robot/ros2_control_demos/example_2/build/ros2_control_demo_example_2' returned '0': DEBUGINFOD_URLS=https://debuginfod.fedoraproject.org/ _=/usr/bin/env /usr/bin/cmake --install /home/stefan/git/robot/ros2_control_demos/example_2/build/ros2_control_demo_example_2
