[0.023s] Invoking command in '/home/stefan/git/robot/ros2_control_demos/ros2_control_demo_description/build/ros2_control_demo_description': DEBUGINFOD_URLS=https://debuginfod.fedoraproject.org/ _=/usr/bin/env /usr/bin/cmake /home/stefan/git/robot/ros2_control_demos/ros2_control_demo_description -DCMAKE_INSTALL_PREFIX=/home/stefan/git/robot/ros2_control_demos/ros2_control_demo_description/install/ros2_control_demo_description
[0.030s] [0mCMake Deprecation Warning at CMakeLists.txt:1 (cmake_minimum_required):
[0.031s]   Compatibility with CMake < 3.10 will be removed from a future version of
[0.031s]   CMake.
[0.031s] 
[0.032s]   Update the VERSION argument <min> value.  Or, use the <min>...<max> syntax
[0.032s]   to tell CMake that the project requires at least <min> but has been updated
[0.033s]   to work with policies introduced by <max> or earlier.
[0.033s] 
[0.033s] [0m
[0.105s] -- The C compiler identification is GNU 15.1.1
[0.196s] -- The CXX compiler identification is GNU 15.1.1
[0.207s] -- Detecting C compiler ABI info
[0.287s] -- Detecting C compiler ABI info - done
[0.301s] -- Check for working C compiler: /usr/bin/cc - skipped
[0.302s] -- Detecting C compile features
[0.303s] -- Detecting C compile features - done
[0.317s] -- Detecting CXX compiler ABI info
[0.442s] -- Detecting CXX compiler ABI info - done
[0.457s] -- Check for working CXX compiler: /usr/bin/c++ - skipped
[0.457s] -- Detecting CXX compile features
[0.458s] -- Detecting CXX compile features - done
[0.467s] -- Found ament_cmake: 2.5.4 (/usr/lib64/ros-jazzy/share/ament_cmake/cmake)
[0.674s] -- Found Python3: /usr/bin/python3 (found version "3.13.3") found components: Interpreter
[0.890s] -- Configuring done (0.9s)
[0.895s] -- Generating done (0.0s)
[0.896s] -- Build files have been written to: /home/stefan/git/robot/ros2_control_demos/ros2_control_demo_description/build/ros2_control_demo_description
[0.901s] Invoked command in '/home/stefan/git/robot/ros2_control_demos/ros2_control_demo_description/build/ros2_control_demo_description' returned '0': DEBUGINFOD_URLS=https://debuginfod.fedoraproject.org/ _=/usr/bin/env /usr/bin/cmake /home/stefan/git/robot/ros2_control_demos/ros2_control_demo_description -DCMAKE_INSTALL_PREFIX=/home/stefan/git/robot/ros2_control_demos/ros2_control_demo_description/install/ros2_control_demo_description
[0.904s] Invoking command in '/home/stefan/git/robot/ros2_control_demos/ros2_control_demo_description/build/ros2_control_demo_description': DEBUGINFOD_URLS=https://debuginfod.fedoraproject.org/ _=/usr/bin/env /usr/bin/cmake --build /home/stefan/git/robot/ros2_control_demos/ros2_control_demo_description/build/ros2_control_demo_description -- -j4 -l4
[0.942s] Invoked command in '/home/stefan/git/robot/ros2_control_demos/ros2_control_demo_description/build/ros2_control_demo_description' returned '0': DEBUGINFOD_URLS=https://debuginfod.fedoraproject.org/ _=/usr/bin/env /usr/bin/cmake --build /home/stefan/git/robot/ros2_control_demos/ros2_control_demo_description/build/ros2_control_demo_description -- -j4 -l4
[0.952s] Invoking command in '/home/stefan/git/robot/ros2_control_demos/ros2_control_demo_description/build/ros2_control_demo_description': DEBUGINFOD_URLS=https://debuginfod.fedoraproject.org/ _=/usr/bin/env /usr/bin/cmake --install /home/stefan/git/robot/ros2_control_demos/ros2_control_demo_description/build/ros2_control_demo_description
[0.959s] -- Install configuration: ""
[0.959s] -- Installing: /home/stefan/git/robot/ros2_control_demos/ros2_control_demo_description/install/ros2_control_demo_description/share/ros2_control_demo_description/rrbot/urdf
[0.959s] -- Installing: /home/stefan/git/robot/ros2_control_demos/ros2_control_demo_description/install/ros2_control_demo_description/share/ros2_control_demo_description/rrbot/urdf/rrbot.materials.xacro
[0.959s] -- Installing: /home/stefan/git/robot/ros2_control_demos/ros2_control_demo_description/install/ros2_control_demo_description/share/ros2_control_demo_description/rrbot/urdf/rrbot_description.urdf.xacro
[0.960s] -- Installing: /home/stefan/git/robot/ros2_control_demos/ros2_control_demo_description/install/ros2_control_demo_description/share/ros2_control_demo_description/rrbot/rviz
[0.960s] -- Installing: /home/stefan/git/robot/ros2_control_demos/ros2_control_demo_description/install/ros2_control_demo_description/share/ros2_control_demo_description/rrbot/rviz/rrbot.rviz
[0.960s] -- Installing: /home/stefan/git/robot/ros2_control_demos/ros2_control_demo_description/install/ros2_control_demo_description/share/ros2_control_demo_description/diffbot/urdf
[0.960s] -- Installing: /home/stefan/git/robot/ros2_control_demos/ros2_control_demo_description/install/ros2_control_demo_description/share/ros2_control_demo_description/diffbot/urdf/diffbot.materials.xacro
[0.960s] -- Installing: /home/stefan/git/robot/ros2_control_demos/ros2_control_demo_description/install/ros2_control_demo_description/share/ros2_control_demo_description/diffbot/urdf/diffbot_description.urdf.xacro
[0.961s] -- Installing: /home/stefan/git/robot/ros2_control_demos/ros2_control_demo_description/install/ros2_control_demo_description/share/ros2_control_demo_description/diffbot/rviz
[0.961s] -- Installing: /home/stefan/git/robot/ros2_control_demos/ros2_control_demo_description/install/ros2_control_demo_description/share/ros2_control_demo_description/diffbot/rviz/diffbot.rviz
[0.961s] -- Installing: /home/stefan/git/robot/ros2_control_demos/ros2_control_demo_description/install/ros2_control_demo_description/share/ros2_control_demo_description/diffbot/rviz/diffbot_view.rviz
[0.961s] -- Installing: /home/stefan/git/robot/ros2_control_demos/ros2_control_demo_description/install/ros2_control_demo_description/share/ros2_control_demo_description/carlikebot/urdf
[0.961s] -- Installing: /home/stefan/git/robot/ros2_control_demos/ros2_control_demo_description/install/ros2_control_demo_description/share/ros2_control_demo_description/carlikebot/urdf/carlikebot.materials.xacro
[0.962s] -- Installing: /home/stefan/git/robot/ros2_control_demos/ros2_control_demo_description/install/ros2_control_demo_description/share/ros2_control_demo_description/carlikebot/urdf/carlikebot_description.urdf.xacro
[0.962s] -- Installing: /home/stefan/git/robot/ros2_control_demos/ros2_control_demo_description/install/ros2_control_demo_description/share/ros2_control_demo_description/carlikebot/rviz
[0.962s] -- Installing: /home/stefan/git/robot/ros2_control_demos/ros2_control_demo_description/install/ros2_control_demo_description/share/ros2_control_demo_description/carlikebot/rviz/carlikebot.rviz
[0.962s] -- Installing: /home/stefan/git/robot/ros2_control_demos/ros2_control_demo_description/install/ros2_control_demo_description/share/ros2_control_demo_description/carlikebot/rviz/carlikebot_view.rviz
[0.962s] -- Installing: /home/stefan/git/robot/ros2_control_demos/ros2_control_demo_description/install/ros2_control_demo_description/share/ros2_control_demo_description/r3bot/urdf
[0.962s] -- Installing: /home/stefan/git/robot/ros2_control_demos/ros2_control_demo_description/install/ros2_control_demo_description/share/ros2_control_demo_description/r3bot/urdf/threedofbot_description.urdf.xacro
[0.963s] -- Installing: /home/stefan/git/robot/ros2_control_demos/ros2_control_demo_description/install/ros2_control_demo_description/share/ros2_control_demo_description/r6bot/meshes
[0.963s] -- Installing: /home/stefan/git/robot/ros2_control_demos/ros2_control_demo_description/install/ros2_control_demo_description/share/ros2_control_demo_description/r6bot/meshes/collision
[0.963s] -- Installing: /home/stefan/git/robot/ros2_control_demos/ros2_control_demo_description/install/ros2_control_demo_description/share/ros2_control_demo_description/r6bot/meshes/collision/link_0.stl
[0.963s] -- Installing: /home/stefan/git/robot/ros2_control_demos/ros2_control_demo_description/install/ros2_control_demo_description/share/ros2_control_demo_description/r6bot/meshes/collision/link_1.stl
[0.963s] -- Installing: /home/stefan/git/robot/ros2_control_demos/ros2_control_demo_description/install/ros2_control_demo_description/share/ros2_control_demo_description/r6bot/meshes/collision/link_2.stl
[0.964s] -- Installing: /home/stefan/git/robot/ros2_control_demos/ros2_control_demo_description/install/ros2_control_demo_description/share/ros2_control_demo_description/r6bot/meshes/collision/link_3.stl
[0.964s] -- Installing: /home/stefan/git/robot/ros2_control_demos/ros2_control_demo_description/install/ros2_control_demo_description/share/ros2_control_demo_description/r6bot/meshes/collision/link_4.stl
[0.964s] -- Installing: /home/stefan/git/robot/ros2_control_demos/ros2_control_demo_description/install/ros2_control_demo_description/share/ros2_control_demo_description/r6bot/meshes/collision/link_5.stl
[0.964s] -- Installing: /home/stefan/git/robot/ros2_control_demos/ros2_control_demo_description/install/ros2_control_demo_description/share/ros2_control_demo_description/r6bot/meshes/collision/link_6.stl
[0.965s] -- Installing: /home/stefan/git/robot/ros2_control_demos/ros2_control_demo_description/install/ros2_control_demo_description/share/ros2_control_demo_description/r6bot/meshes/visual
[0.965s] -- Installing: /home/stefan/git/robot/ros2_control_demos/ros2_control_demo_description/install/ros2_control_demo_description/share/ros2_control_demo_description/r6bot/meshes/visual/link_0.dae
[0.965s] -- Installing: /home/stefan/git/robot/ros2_control_demos/ros2_control_demo_description/install/ros2_control_demo_description/share/ros2_control_demo_description/r6bot/meshes/visual/link_1.dae
[0.965s] -- Installing: /home/stefan/git/robot/ros2_control_demos/ros2_control_demo_description/install/ros2_control_demo_description/share/ros2_control_demo_description/r6bot/meshes/visual/link_2.dae
[0.965s] -- Installing: /home/stefan/git/robot/ros2_control_demos/ros2_control_demo_description/install/ros2_control_demo_description/share/ros2_control_demo_description/r6bot/meshes/visual/link_3.dae
[0.965s] -- Installing: /home/stefan/git/robot/ros2_control_demos/ros2_control_demo_description/install/ros2_control_demo_description/share/ros2_control_demo_description/r6bot/meshes/visual/link_4.dae
[0.966s] -- Installing: /home/stefan/git/robot/ros2_control_demos/ros2_control_demo_description/install/ros2_control_demo_description/share/ros2_control_demo_description/r6bot/meshes/visual/link_5.dae
[0.966s] -- Installing: /home/stefan/git/robot/ros2_control_demos/ros2_control_demo_description/install/ros2_control_demo_description/share/ros2_control_demo_description/r6bot/meshes/visual/link_6.dae
[0.966s] -- Installing: /home/stefan/git/robot/ros2_control_demos/ros2_control_demo_description/install/ros2_control_demo_description/share/ros2_control_demo_description/r6bot/srdf
[0.966s] -- Installing: /home/stefan/git/robot/ros2_control_demos/ros2_control_demo_description/install/ros2_control_demo_description/share/ros2_control_demo_description/r6bot/srdf/r6bot.srdf
[0.966s] -- Installing: /home/stefan/git/robot/ros2_control_demos/ros2_control_demo_description/install/ros2_control_demo_description/share/ros2_control_demo_description/r6bot/urdf
[0.967s] -- Installing: /home/stefan/git/robot/ros2_control_demos/ros2_control_demo_description/install/ros2_control_demo_description/share/ros2_control_demo_description/r6bot/urdf/inc
[0.967s] -- Installing: /home/stefan/git/robot/ros2_control_demos/ros2_control_demo_description/install/ros2_control_demo_description/share/ros2_control_demo_description/r6bot/urdf/inc/create_link.xacro
[0.967s] -- Installing: /home/stefan/git/robot/ros2_control_demos/ros2_control_demo_description/install/ros2_control_demo_description/share/ros2_control_demo_description/r6bot/urdf/r6bot_description.urdf.xacro
[0.967s] -- Installing: /home/stefan/git/robot/ros2_control_demos/ros2_control_demo_description/install/ros2_control_demo_description/share/ros2_control_demo_description/r6bot/rviz
[0.967s] -- Installing: /home/stefan/git/robot/ros2_control_demos/ros2_control_demo_description/install/ros2_control_demo_description/share/ros2_control_demo_description/r6bot/rviz/view_robot.rviz
[0.967s] -- Installing: /home/stefan/git/robot/ros2_control_demos/ros2_control_demo_description/install/ros2_control_demo_description/share/ament_index/resource_index/package_run_dependencies/ros2_control_demo_description
[0.968s] -- Installing: /home/stefan/git/robot/ros2_control_demos/ros2_control_demo_description/install/ros2_control_demo_description/share/ament_index/resource_index/parent_prefix_path/ros2_control_demo_description
[0.968s] -- Installing: /home/stefan/git/robot/ros2_control_demos/ros2_control_demo_description/install/ros2_control_demo_description/share/ros2_control_demo_description/environment/ament_prefix_path.sh
[0.968s] -- Installing: /home/stefan/git/robot/ros2_control_demos/ros2_control_demo_description/install/ros2_control_demo_description/share/ros2_control_demo_description/environment/ament_prefix_path.dsv
[0.968s] -- Installing: /home/stefan/git/robot/ros2_control_demos/ros2_control_demo_description/install/ros2_control_demo_description/share/ros2_control_demo_description/environment/path.sh
[0.968s] -- Installing: /home/stefan/git/robot/ros2_control_demos/ros2_control_demo_description/install/ros2_control_demo_description/share/ros2_control_demo_description/environment/path.dsv
[0.968s] -- Installing: /home/stefan/git/robot/ros2_control_demos/ros2_control_demo_description/install/ros2_control_demo_description/share/ros2_control_demo_description/local_setup.bash
[0.968s] -- Installing: /home/stefan/git/robot/ros2_control_demos/ros2_control_demo_description/install/ros2_control_demo_description/share/ros2_control_demo_description/local_setup.sh
[0.969s] -- Installing: /home/stefan/git/robot/ros2_control_demos/ros2_control_demo_description/install/ros2_control_demo_description/share/ros2_control_demo_description/local_setup.zsh
[0.969s] -- Installing: /home/stefan/git/robot/ros2_control_demos/ros2_control_demo_description/install/ros2_control_demo_description/share/ros2_control_demo_description/local_setup.dsv
[0.969s] -- Installing: /home/stefan/git/robot/ros2_control_demos/ros2_control_demo_description/install/ros2_control_demo_description/share/ros2_control_demo_description/package.dsv
[0.969s] -- Installing: /home/stefan/git/robot/ros2_control_demos/ros2_control_demo_description/install/ros2_control_demo_description/share/ament_index/resource_index/packages/ros2_control_demo_description
[0.969s] -- Installing: /home/stefan/git/robot/ros2_control_demos/ros2_control_demo_description/install/ros2_control_demo_description/share/ros2_control_demo_description/cmake/ros2_control_demo_descriptionConfig.cmake
[0.970s] -- Installing: /home/stefan/git/robot/ros2_control_demos/ros2_control_demo_description/install/ros2_control_demo_description/share/ros2_control_demo_description/cmake/ros2_control_demo_descriptionConfig-version.cmake
[0.970s] -- Installing: /home/stefan/git/robot/ros2_control_demos/ros2_control_demo_description/install/ros2_control_demo_description/share/ros2_control_demo_description/package.xml
[0.972s] Invoked command in '/home/stefan/git/robot/ros2_control_demos/ros2_control_demo_description/build/ros2_control_demo_description' returned '0': DEBUGINFOD_URLS=https://debuginfod.fedoraproject.org/ _=/usr/bin/env /usr/bin/cmake --install /home/stefan/git/robot/ros2_control_demos/ros2_control_demo_description/build/ros2_control_demo_description
